Arguments: 
  /usr/bin/node /usr/share/yarn/bin/yarn.js

PATH: 
  /usr/local/sbin:/usr/local/bin:/usr/sbin:/usr/bin:/sbin:/bin:/usr/games:/usr/local/games:/snap/bin:/home/shubham/Android/Sdk/emulator:/home/shubham/Android/Sdk/tools:/home/shubham/Android/Sdk/tools/bin:/home/shubham/Android/Sdk/platform-tools:/home/shubham/Android/Sdk/emulator:/home/shubham/Android/Sdk/tools:/home/shubham/Android/Sdk/tools/bin:/home/shubham/Android/Sdk/platform-tools

Yarn version: 
  1.19.0

Node version: 
  10.15.2

Platform: 
  linux x64

Trace: 
  SyntaxError: /home/shubham/hackoctober/aws-reaper-lambda/package.json: Unexpected token } in JSON at position 369
      at JSON.parse (<anonymous>)
      at /usr/share/yarn/lib/cli.js:1625:59
      at Generator.next (<anonymous>)
      at step (/usr/share/yarn/lib/cli.js:304:30)
      at /usr/share/yarn/lib/cli.js:315:13

npm manifest: 
  {
    "name": "aws-reaper-lambda",
    "version": "1.0.0",
    "main": "index.js",
    "repository": "https://github.com/shubhamkakkar/aws-reaper-lambda.git",
    "author": "shubhamkakkar <shubham.kakkar998@gmail.com>",
    "license": "MIT",
    "dependencies": {
      "typescript": "^3.6.3",
      "@types/aws-sdk": "^2.7.0",
      "@types/node": "^12.7.9",
      "aws-sdk": "^2.540.0",
    }
  }

yarn manifest: 
  No manifest

Lockfile: 
  # THIS IS AN AUTOGENERATED FILE. DO NOT EDIT THIS FILE DIRECTLY.
  # yarn lockfile v1
  
  
  typescript@^3.6.3:
    version "3.6.3"
    resolved "https://registry.yarnpkg.com/typescript/-/typescript-3.6.3.tgz#fea942fabb20f7e1ca7164ff626f1a9f3f70b4da"
    integrity sha512-N7bceJL1CtRQ2RiG0AQME13ksR7DiuQh/QehubYcghzv20tnh+MQnQIuJddTmsbqYj+dztchykemz0zFzlvdQw==
